<?xml version="1.0" encoding="UTF-8"?>
<testng-results skipped="0" failed="0" ignored="0" total="1" passed="1">
  <reporter-output>
  </reporter-output>
  <suite name="Default suite" duration-ms="49" started-at="2018-04-04T16:53:01Z" finished-at="2018-04-04T16:53:01Z">
    <groups>
    </groups>
    <test name="Default test" duration-ms="49" started-at="2018-04-04T16:53:01Z" finished-at="2018-04-04T16:53:01Z">
      <class name="com.google.tests.SampleTest">
        <test-method status="PASS" signature="testSample()[pri:0, instance:com.google.tests.SampleTest@224edc67]" name="testSample" duration-ms="16" started-at="2018-04-04T16:53:01Z" finished-at="2018-04-04T16:53:01Z">
          <reporter-output>
          </reporter-output>
        </test-method> <!-- testSample -->
      </class> <!-- com.google.tests.SampleTest -->
    </test> <!-- Default test -->
  </suite> <!-- Default suite -->
</testng-results>
